	linux-vdso.so.1 (0x00007fff335f7000)
	libpipeline.so => /software/projects/director2183/cdipietrantonio/setonix/2024.05/development/blink-pipeline-gpu/cristian-dev/lib/libpipeline.so (0x000014a7044c6000)
	libomp.so => /software/setonix/rocm/5.7.3/llvm/lib/libomp.so (0x000014a7043d3000)
	libpthread.so.0 => /lib64/libpthread.so.0 (0x000014a704391000)
	libcorrelation.so => /software/projects/director2183/cdipietrantonio/setonix/2024.05/development/blink-correlator/master/lib/libcorrelation.so (0x000014a704381000)
	libblink_astroio.so => /software/projects/director2183/setonix/2024.05/development/blink_astroio/master/lib/libblink_astroio.so (0x000014a7042fa000)
	libblink_preprocessing.so => /software/projects/director2183/setonix/2024.05/development/blink_preprocessing/main/lib/libblink_preprocessing.so (0x000014a7042e7000)
	libimaging.so.1 => /software/projects/director2183/cdipietrantonio/setonix/2024.05/development/blink-imager-gpu/cristian-dev/lib/libimaging.so.1 (0x000014a7042b8000)
	libmsfitslib.so.1 => /software/projects/director2183/setonix/2024.05/software/linux-sles15-zen3/gcc-12.2.0/msfitslib-master-rmfufblpcxjcjehwtzgedm7ozujioq7r/lib64/libmsfitslib.so.1 (0x000014a7041c2000)
	libamdhip64.so.5 => /software/setonix/rocm/5.7.3/lib/libamdhip64.so.5 (0x000014a702af6000)
	libstdc++.so.6 => /usr/lib64/libstdc++.so.6 (0x000014a7028a0000)
	libm.so.6 => /lib64/libm.so.6 (0x000014a702754000)
	libgcc_s.so.1 => /lib64/libgcc_s.so.1 (0x000014a702727000)
	libc.so.6 => /lib64/libc.so.6 (0x000014a702530000)
	librt.so.1 => /lib64/librt.so.1 (0x000014a702526000)
	libdl.so.2 => /lib64/libdl.so.2 (0x000014a702521000)
	/lib64/ld-linux-x86-64.so.2 (0x000014a7044d1000)
	libcfitsio.so.10 => /software/setonix/2024.05/software/linux-sles15-zen3/gcc-12.2.0/cfitsio-4.3.0-rvvpkwkqlwai3n4dazj2pxyy35rxc6jk/lib/libcfitsio.so.10 (0x000014a7021a7000)
	libnova-0.15.so.0 => /software/projects/director2183/setonix/2024.05/software/linux-sles15-zen3/gcc-12.2.0/libnova-0.15.0-pnwjlamjrgi43hmovyltqeir7bhkardi/lib/libnova-0.15.so.0 (0x000014a701e2b000)
	libfftw3f.so.3 => /software/setonix/2024.05/software/linux-sles15-zen3/gcc-12.2.0/fftw-3.3.10-t6emoostwoqnfe3d2wahozs44vatrzvz/lib/libfftw3f.so.3 (0x000014a701b08000)
	libpal.so.0 => /software/projects/director2183/setonix/2024.05/software/linux-sles15-zen3/gcc-12.2.0/pal-0.9.8-yyskiuxggaoqde6b5zvd2lijarfx7tse/lib/libpal.so.0 (0x000014a701aeb000)
	libhipfft.so.0 => /software/setonix/rocm/5.7.3/lib/libhipfft.so.0 (0x000014a701adf000)
	libfftw3f_omp.so.3 => /software/setonix/2024.05/software/linux-sles15-zen3/gcc-12.2.0/fftw-3.3.10-t6emoostwoqnfe3d2wahozs44vatrzvz/lib/libfftw3f_omp.so.3 (0x000014a701ad5000)
	libfftw3.so.3 => /software/setonix/2024.05/software/linux-sles15-zen3/gcc-12.2.0/fftw-3.3.10-t6emoostwoqnfe3d2wahozs44vatrzvz/lib/libfftw3.so.3 (0x000014a7017f9000)
	libxpmem.so.0 => /opt/cray/xpmem/default/lib64/libxpmem.so.0 (0x000014a7017f4000)
	libamd_comgr.so.2 => /software/setonix/rocm/5.7.3/lib/libamd_comgr.so.2 (0x000014a6f941a000)
	libhsa-runtime64.so.1 => /software/setonix/rocm/5.7.3/lib/libhsa-runtime64.so.1 (0x000014a6f9178000)
	libnuma.so.1 => /usr/lib64/libnuma.so.1 (0x000014a6f8e00000)
	libcurl.so.4 => /usr/lib64/libcurl.so.4 (0x000014a6f90ce000)
	libz.so.1 => /usr/lib64/libz.so.1 (0x000014a6f90b3000)
	libbz2.so.1.0 => /software/setonix/2024.05/software/linux-sles15-zen3/gcc-12.2.0/bzip2-1.0.8-w4dnqgslj6ehbw2ztjzr3ba6cnlpnylz/lib/libbz2.so.1.0 (0x000014a6f9099000)
	liberfa.so.1 => /software/setonix/2024.05/software/linux-sles15-zen3/gcc-12.2.0/erfa-2.0.0-t3xwem2wfrqln3l6wln2dhjn2yhcykp3/lib/liberfa.so.1 (0x000014a6f9035000)
	librocfft.so.0 => /software/setonix/rocm/5.7.3/lib/librocfft.so.0 (0x000014a6f8739000)
	libgomp.so.1 => /opt/cray/pe/gcc/12.2.0/snos/lib64/libgomp.so.1 (0x000014a6f8400000)
	libzstd.so.1 => /usr/lib64/libzstd.so.1 (0x000014a6f82cf000)
	libtinfo.so.6 => /lib64/libtinfo.so.6 (0x000014a6f870a000)
	libelf.so.1 => /usr/lib64/libelf.so.1 (0x000014a6f8000000)
	libdrm.so.2 => /opt/amdgpu/lib64/libdrm.so.2 (0x000014a6f901c000)
	libdrm_amdgpu.so.1 => /opt/amdgpu/lib64/libdrm_amdgpu.so.1 (0x000014a6f900f000)
	libnghttp2.so.14 => /usr/lib64/libnghttp2.so.14 (0x000014a6f86e1000)
	libidn2.so.0 => /usr/lib64/libidn2.so.0 (0x000014a6f7c00000)
	libssh.so.4 => /usr/lib64/libssh.so.4 (0x000014a6f8672000)
	libpsl.so.5 => /usr/lib64/libpsl.so.5 (0x000014a6f7800000)
	libssl.so.1.1 => /usr/lib64/libssl.so.1.1 (0x000014a6f8230000)
	libcrypto.so.1.1 => /usr/lib64/libcrypto.so.1.1 (0x000014a6f74c0000)
	libgssapi_krb5.so.2 => /usr/lib64/libgssapi_krb5.so.2 (0x000014a6f7fae000)
	libldap_r-2.4.so.2 => /usr/lib64/libldap_r-2.4.so.2 (0x000014a6f7f59000)
	liblber-2.4.so.2 => /usr/lib64/liblber-2.4.so.2 (0x000014a6f8660000)
	libbrotlidec.so.1 => /usr/lib64/libbrotlidec.so.1 (0x000014a6f7200000)
	libhiprtc.so.5 => /software/setonix/rocm/5.7.3/lib/libhiprtc.so.5 (0x000014a6f7a6a000)
	libunistring.so.2 => /usr/lib64/libunistring.so.2 (0x000014a6f6e00000)
	libjitterentropy.so.3 => /usr/lib64/libjitterentropy.so.3 (0x000014a6f8656000)
	libkrb5.so.3 => /usr/lib64/libkrb5.so.3 (0x000014a6f7e7f000)
	libk5crypto.so.3 => /usr/lib64/libk5crypto.so.3 (0x000014a6f8219000)
	libcom_err.so.2 => /lib64/libcom_err.so.2 (0x000014a6f8651000)
	libkrb5support.so.0 => /usr/lib64/libkrb5support.so.0 (0x000014a6f7e70000)
	libresolv.so.2 => /lib64/libresolv.so.2 (0x000014a6f7e58000)
	libsasl2.so.3 => /usr/lib64/libsasl2.so.3 (0x000014a6f7e3a000)
	libbrotlicommon.so.1 => /usr/lib64/libbrotlicommon.so.1 (0x000014a6f6a00000)
	libkeyutils.so.1 => /usr/lib64/libkeyutils.so.1 (0x000014a6f6600000)
	libselinux.so.1 => /lib64/libselinux.so.1 (0x000014a6f6200000)
	libpcre.so.1 => /usr/lib64/libpcre.so.1 (0x000014a6f5e00000)
Executing /software/projects/director2183/cdipietrantonio/setonix/2024.05/development/blink-pipeline-gpu/cristian-dev/bin/blink_pipeline -u -c 4 -C -1 -t 1.00s -o /scratch/director2183/cdipietrantonio/test_parallel_read -n 8192 -F 30 -M /scratch/director2183/cdipietrantonio/1276619416/1276619416.metafits -w N -v 100 -r -L -G -s /software/projects/director2183/cdipietrantonio/setonix/2024.05/development/blink_test_data/devel/mwa/1276619416/1276625432.bin -b 0 -r -V 1 -A 21,25,58,71,80,81,92,101,108,114,119,125 /scratch/director2183/cdipietrantonio/1276619416/combined/1276619416_1276619418_ch133.dat /scratch/director2183/cdipietrantonio/1276619416/combined/1276619416_1276619418_ch134.dat /scratch/director2183/cdipietrantonio/1276619416/combined/1276619416_1276619418_ch135.dat /scratch/director2183/cdipietrantonio/1276619416/combined/1276619416_1276619418_ch136.dat /scratch/director2183/cdipietrantonio/1276619416/combined/1276619416_1276619418_ch137.dat /scratch/director2183/cdipietrantonio/1276619416/combined/1276619416_1276619418_ch138.dat /scratch/director2183/cdipietrantonio/1276619416/combined/1276619416_1276619418_ch139.dat /scratch/director2183/cdipietrantonio/1276619416/combined/1276619416_1276619418_ch140.dat /scratch/director2183/cdipietrantonio/1276619416/combined/1276619416_1276619418_ch141.dat /scratch/director2183/cdipietrantonio/1276619416/combined/1276619416_1276619418_ch142.dat /scratch/director2183/cdipietrantonio/1276619416/combined/1276619416_1276619418_ch143.dat /scratch/director2183/cdipietrantonio/1276619416/combined/1276619416_1276619418_ch144.dat /scratch/director2183/cdipietrantonio/1276619416/combined/1276619416_1276619418_ch145.dat /scratch/director2183/cdipietrantonio/1276619416/combined/1276619416_1276619418_ch146.dat /scratch/director2183/cdipietrantonio/1276619416/combined/1276619416_1276619418_ch147.dat /scratch/director2183/cdipietrantonio/1276619416/combined/1276619416_1276619418_ch148.dat /scratch/director2183/cdipietrantonio/1276619416/combined/1276619416_1276619418_ch149.dat /scratch/director2183/cdipietrantonio/1276619416/combined/1276619416_1276619418_ch150.dat /scratch/director2183/cdipietrantonio/1276619416/combined/1276619416_1276619418_ch151.dat /scratch/director2183/cdipietrantonio/1276619416/combined/1276619416_1276619418_ch152.dat /scratch/director2183/cdipietrantonio/1276619416/combined/1276619416_1276619418_ch153.dat /scratch/director2183/cdipietrantonio/1276619416/combined/1276619416_1276619418_ch154.dat /scratch/director2183/cdipietrantonio/1276619416/combined/1276619416_1276619418_ch155.dat /scratch/director2183/cdipietrantonio/1276619416/combined/1276619416_1276619418_ch156.dat

Running the correlator program with the following options:
	 Integration time interval: 1s
	 Freq. channel: -1
	 Number of channels to average: 4
	 Output directory: /scratch/director2183/cdipietrantonio/test_parallel_read
	 Data type: 1
	 Calibration file: /software/projects/director2183/cdipietrantonio/setonix/2024.05/development/blink_test_data/devel/mwa/1276619416/1276625432.bin
	 Zenith image: 0
WARNING : antenna position file  not specified or does not exist
INFO : reading meta data from file /scratch/director2183/cdipietrantonio/1276619416/1276619416.metafits
DEBUG : reading metafits file /scratch/director2183/cdipietrantonio/1276619416/1276619416.metafits
DEBUG_MJD1 : '2020-06-19T16:29:58' -> 2020/6/19 16:29:58.0000
DEBUG : 20200619_162958 UTC -> 1592584198.00000000
Ignored keyword: DUT1
WARNING : could not parse keyword DUT1
Ignored keyword: DELAYMOD
WARNING : could not parse keyword DELAYMOD
Ignored keyword: ATTEN_DB
WARNING : could not parse keyword ATTEN_DB
DEBUG : valueStr = '12,11,10,9,9,8,7,6,6,5,4,3,3,2,1,0' , count = 16
DEBUG : valueStr = '133,134,135,136,137,138,139,140,141,142,143,144,145,146,147,148,149,150,151,152,153,154,155,156' , count = 24
Ignored keyword: CHANSEL
WARNING : could not parse keyword CHANSEL
Ignored keyword: DERIPPLE
WARNING : could not parse keyword DERIPPLE
Ignored keyword: DR_FLAG
WARNING : could not parse keyword DR_FLAG
Ignored keyword: RAWSCALE
WARNING : could not parse keyword RAWSCALE
Ignored keyword: INSTRUME
WARNING : could not parse keyword INSTRUME
Ignored keyword: QUACKTIM
WARNING : could not parse keyword QUACKTIM
Ignored keyword: GOODTIME
WARNING : could not parse keyword GOODTIME
Ignored keyword: COMMENT
WARNING : could not parse keyword COMMENT
Ignored keyword: COMMENT
WARNING : could not parse keyword COMMENT
Ignored keyword: COMMENT
WARNING : could not parse keyword COMMENT
Ignored keyword: COMMENT
WARNING : could not parse keyword COMMENT
Ignored keyword: COMMENT
WARNING : could not parse keyword COMMENT
Ignored keyword: COMMENT
WARNING : could not parse keyword COMMENT
Ignored keyword: COMMENT
WARNING : could not parse keyword COMMENT
Ignored keyword: COMMENT
WARNING : could not parse keyword COMMENT
Ignored keyword: HISTORY
WARNING : could not parse keyword HISTORY
Ignored keyword: HISTORY
WARNING : could not parse keyword HISTORY
Ignored keyword: HISTORY
WARNING : could not parse keyword HISTORY
DEBUG : reading antenna positions from metafits
DEBUG : numner of rows = 256
DEBUG : Alloceted 128 size array for antenna positions
DEBUG antenna positions : 18 = Tile104 : (-585.6750,-101.5300,375.2120) -> (289.5693,-585.6750,-259.3107) , EL_LEN = -752.0400 [m]
DEBUG antenna positions : 71 = RFIpole : (-8.5000,0.9000,383.7000) -> (343.1811,-8.5000,-171.6196) , EL_LEN = -1342.0600 [m]
DEBUG antenna positions : 17 = Tile102 : (-489.9430,604.5680,372.9070) -> (604.8099,-489.9430,372.5145) , EL_LEN = -896.5300 [m]
DEBUG antenna positions : 16 = Tile101 : (-518.0460,632.5030,372.6040) -> (617.0924,-518.0460,397.6063) , EL_LEN = -898.6600 [m]
DEBUG antenna positions : 22 = Tile108 : (-1026.0740,574.5270,374.0390) -> (592.3216,-1026.0740,345.1688) , EL_LEN = -753.0400 [m]
DEBUG antenna positions : 21 = Tile107 : (-1079.5980,87.0180,377.0090) -> (375.9026,-1079.5980,-91.6797) , EL_LEN = -752.5000 [m]
DEBUG antenna positions : 20 = Tile106 : (-685.0270,212.1680,374.2360) -> (429.6641,-685.0270,21.3686) , EL_LEN = -1187.8600 [m]
DEBUG antenna positions : 19 = Tile105 : (-653.4670,142.2550,374.4620) -> (398.4491,-653.4670,-41.1894) , EL_LEN = -1091.1000 [m]
DEBUG antenna positions : 58 = Tile154 : (37.0650,-405.0500,374.0340) -> (152.1239,37.0650,-529.9295) , EL_LEN = -756.8300 [m]
DEBUG antenna positions : 57 = Tile153 : (-58.8010,-505.3320,372.9130) -> (106.0587,-58.8010,-619.0122) , EL_LEN = -756.6600 [m]
DEBUG antenna positions : 56 = Tile152 : (442.9900,-835.3060,372.2510) -> (-42.8134,442.9900,-913.4955) , EL_LEN = -1095.4400 [m]
DEBUG antenna positions : 55 = Tile151 : (653.7740,-1037.7480,371.0710) -> (-134.8390,653.7740,-1093.8159) , EL_LEN = -759.6500 [m]
DEBUG antenna positions : 62 = Tile158 : (326.1010,-306.3070,375.1280) -> (197.4734,326.1010,-442.2095) , EL_LEN = -899.3000 [m]
DEBUG antenna positions : 61 = Tile157 : (325.6880,-318.5080,375.0290) -> (191.9022,325.6880,-453.0647) , EL_LEN = -902.1600 [m]
DEBUG antenna positions : 60 = Tile156 : (257.9840,-366.4530,375.2210) -> (170.5287,257.9840,-495.9824) , EL_LEN = -902.3000 [m]
DEBUG antenna positions : 59 = Tile155 : (232.8420,-357.8910,375.2620) -> (174.4128,232.8420,-488.3520) , EL_LEN = -902.5000 [m]
DEBUG antenna positions : 66 = Tile164 : (-575.5330,-863.7820,375.5220) -> (-52.6875,-575.5330,-940.4042) , EL_LEN = -756.5100 [m]
DEBUG antenna positions : 65 = Tile163 : (-480.2700,-817.3240,375.7200) -> (-31.6338,-480.2700,-898.9902) , EL_LEN = -757.2800 [m]
DEBUG antenna positions : 64 = Tile162 : (-141.8980,-420.2610,373.5030) -> (144.8142,-141.8980,-543.2795) , EL_LEN = -1111.0700 [m]
DEBUG antenna positions : 63 = Tile161 : (-412.4570,-409.0600,373.9690) -> (150.2639,-412.4570,-533.4826) , EL_LEN = -1264.5000 [m]
DEBUG antenna positions : 70 = Tile168 : (-568.5400,-257.6600,375.2460) -> (219.4394,-568.5400,-398.8039) , EL_LEN = -996.4600 [m]
DEBUG antenna positions : 69 = Tile167 : (-633.2370,-169.3620,375.6160) -> (259.4485,-633.2370,-320.0896) , EL_LEN = -902.2600 [m]
DEBUG antenna positions : 68 = Tile166 : (-631.4030,-245.1070,375.5440) -> (225.3466,-631.4030,-387.7237) , EL_LEN = -903.9000 [m]
DEBUG antenna positions : 67 = Tile165 : (-674.0210,-638.8710,375.3400) -> (48.2183,-674.0210,-739.3992) , EL_LEN = -758.6300 [m]
DEBUG antenna positions : 11 = Tile074 : (-388.1520,-44.0220,375.3720) -> (315.5546,-388.1520,-208.0080) , EL_LEN = -1101.4700 [m]
DEBUG antenna positions : 10 = Tile073 : (-284.4570,-196.1810,374.9010) -> (246.7581,-284.4570,-343.7269) , EL_LEN = -750.1500 [m]
DEBUG antenna positions : 9 = Tile072 : (-198.1940,95.1500,377.0240) -> (379.5703,-198.1940,-84.4217) , EL_LEN = -1088.4300 [m]
DEBUG antenna positions : 8 = Tile071 : (-195.9800,189.7950,377.1610) -> (422.2234,-195.9800,0.0674) , EL_LEN = -1089.5900 [m]
DEBUG antenna positions : 15 = Tile078 : (-369.6080,266.4840,375.2400) -> (454.9690,-369.6080,69.4404) , EL_LEN = -1185.1400 [m]
DEBUG antenna positions : 14 = Tile077 : (-364.5240,183.0980,375.7390) -> (417.9436,-364.5240,-5.2764) , EL_LEN = -1259.1300 [m]
DEBUG antenna positions : 13 = Tile076 : (-468.8170,185.1870,374.7520) -> (418.0006,-468.8170,-2.9666) , EL_LEN = -1088.6900 [m]
DEBUG antenna positions : 12 = Tile075 : (-452.6860,-15.9330,375.1110) -> (327.9438,-452.6860,-182.7976) , EL_LEN = -1089.2200 [m]
DEBUG antenna positions : 107 = LBE4 : (2238.1699,408.8100,371.5000) -> (515.5851,2238.1699,198.2673) , EL_LEN = -1124.5200 [m]
DEBUG antenna positions : 106 = LBE3 : (2327.4199,1026.3800,374.5200) -> (795.8008,2327.4199,748.6135) , EL_LEN = -1119.9200 [m]
DEBUG antenna positions : 105 = LBE2 : (1994.4700,629.7400,373.7000) -> (616.8299,1994.4700,394.6454) , EL_LEN = -1124.5200 [m]
DEBUG antenna positions : 104 = LBE1 : (1654.3700,845.0500,372.2200) -> (712.2618,1654.3700,587.6567) , EL_LEN = -627.9700 [m]
DEBUG antenna positions : 111 = LBE8 : (3029.4600,1095.2900,373.6900) -> (826.0255,3029.4600,810.5469) , EL_LEN = -624.5700 [m]
DEBUG antenna positions : 110 = LBE7 : (2405.6699,23.6100,369.3500) -> (340.5668,2405.6699,-144.8832) , EL_LEN = -628.3200 [m]
DEBUG antenna positions : 109 = LBE6 : (2670.3301,572.9200,371.7900) -> (589.5904,2670.3301,344.7439) , EL_LEN = -1121.3700 [m]
DEBUG antenna positions : 108 = LBE5 : (2698.5801,931.5900,373.2300) -> (752.0526,2698.5801,664.5130) , EL_LEN = -1126.2200 [m]
DEBUG antenna positions : 91 = LBC4 : (1360.9700,2458.8501,380.6100) -> (1444.9515,1360.9700,2025.5673) , EL_LEN = -651.4100 [m]
DEBUG antenna positions : 90 = LBC3 : (879.7800,1687.7300,376.5300) -> (1094.7878,879.7800,1338.5242) , EL_LEN = -1147.2600 [m]
DEBUG antenna positions : 89 = LBC2 : (875.5700,2181.3000,377.0500) -> (1317.0483,875.5700,1779.2190) , EL_LEN = -1147.2600 [m]
DEBUG antenna positions : 88 = LBC1 : (363.9500,1536.7800,374.6300) -> (1025.2580,363.9500,1204.5275) , EL_LEN = -652.0100 [m]
DEBUG antenna positions : 95 = LBC8 : (1224.7000,1387.3500,376.4600) -> (959.7433,1224.7000,1070.2126) , EL_LEN = -1147.2600 [m]
DEBUG antenna positions : 94 = LBC7 : (1631.2700,1497.8000,376.7400) -> (1009.6265,1631.2700,1168.7568) , EL_LEN = -651.3100 [m]
DEBUG antenna positions : 93 = LBC6 : (1371.3700,1863.8000,378.9700) -> (1176.0883,1371.3700,1494.7191) , EL_LEN = -1147.2600 [m]
DEBUG antenna positions : 92 = LBC5 : (1683.5100,2153.3501,380.9900) -> (1308.0082,1683.5100,1752.4796) , EL_LEN = -654.0600 [m]
DEBUG antenna positions : 99 = LBD4 : (2441.5500,1785.7000,377.3500) -> (1139.5452,2441.5500,1425.6767) , EL_LEN = -834.0700 [m]
DEBUG antenna positions : 98 = LBD3 : (2400.0400,2214.2400,380.8400) -> (1335.2363,2400.0400,1806.9427) , EL_LEN = -336.5700 [m]
DEBUG antenna positions : 97 = LBD2 : (2054.9299,1775.4301,378.5800) -> (1136.0290,2054.9299,1415.9494) , EL_LEN = -833.7700 [m]
DEBUG antenna positions : 96 = LBD1 : (1907.5900,1247.3600,375.3300) -> (895.8264,1907.5900,945.6609) , EL_LEN = -338.9700 [m]
DEBUG antenna positions : 103 = LBD8 : (2872.2800,1455.1100,376.4500) -> (990.1837,2872.2800,1130.7501) , EL_LEN = -834.3200 [m]
DEBUG antenna positions : 102 = LBD7 : (3105.6399,1640.3300,376.8000) -> (1073.7288,3105.6399,1296.0583) , EL_LEN = -339.0700 [m]
DEBUG antenna positions : 101 = LBD6 : (2770.8201,1905.8000,378.4300) -> (1194.4795,2770.8201,1532.4823) , EL_LEN = -835.2700 [m]
DEBUG antenna positions : 100 = LBD5 : (2346.2900,1367.7800,375.6600) -> (950.2345,2346.2900,1053.0893) , EL_LEN = -834.8200 [m]
DEBUG antenna positions : 83 = LBB4 : (-175.0900,2644.3000,373.9600) -> (1522.3465,-175.0900,2194.2265) , EL_LEN = -1722.3500 [m]
DEBUG antenna positions : 82 = LBB3 : (-455.3600,2039.4500,370.9500) -> (1247.8556,-455.3600,1655.2391) , EL_LEN = -1226.9000 [m]
DEBUG antenna positions : 81 = LBB2 : (-330.6100,2829.6201,373.3700) -> (1605.0969,-330.6100,2360.0464) , EL_LEN = -1722.3500 [m]
DEBUG antenna positions : 80 = LBB1 : (-829.3300,2563.4600,369.5200) -> (1482.0529,-829.3300,2124.0036) , EL_LEN = -1222.4000 [m]
DEBUG antenna positions : 87 = LBB8 : (327.9100,1962.2800,374.3800) -> (1216.2419,327.9100,1584.7583) , EL_LEN = -1228.1000 [m]
DEBUG antenna positions : 86 = LBB7 : (520.8200,2352.1699,376.3500) -> (1393.2069,520.8200,1932.1794) , EL_LEN = -1227.0000 [m]
DEBUG antenna positions : 85 = LBB6 : (776.5500,2535.7000,377.7000) -> (1476.8859,776.5500,2095.5284) , EL_LEN = -1226.1500 [m]
DEBUG antenna positions : 84 = LBB5 : (-52.5500,2142.9299,373.1900) -> (1296.3576,-52.5500,1746.6758) , EL_LEN = -1722.3500 [m]
DEBUG antenna positions : 34 = Tile124 : (227.8780,819.7240,375.7480) -> (704.0327,227.8780,563.4465) , EL_LEN = -1677.6000 [m]
DEBUG antenna positions : 33 = Tile123 : (238.3100,768.4130,375.8050) -> (681.0260,238.3100,517.5824) , EL_LEN = -1582.4900 [m]
DEBUG antenna positions : 32 = Tile122 : (288.0660,618.2650,375.1340) -> (612.9544,288.0660,383.7499) , EL_LEN = -1438.3400 [m]
DEBUG antenna positions : 31 = Tile121 : (716.3930,1405.2550,374.6020) -> (966.1294,716.3930,1087.0429) , EL_LEN = -1439.5000 [m]
DEBUG antenna positions : 38 = Tile128 : (1.0150,1412.3630,373.6820) -> (968.5017,1.0150,1093.8062) , EL_LEN = -1437.9000 [m]
DEBUG antenna positions : 37 = Tile127 : (35.2240,950.2420,376.2750) -> (763.1545,35.2240,679.8073) , EL_LEN = -1582.1500 [m]
DEBUG antenna positions : 36 = Tile126 : (-58.8740,810.5300,375.1700) -> (699.3849,-58.8740,555.4928) , EL_LEN = -1438.2400 [m]
DEBUG antenna positions : 35 = Tile125 : (61.4430,815.2550,376.0010) -> (702.2505,61.4430,559.3404) , EL_LEN = -1439.2000 [m]
DEBUG antenna positions : 26 = Tile114 : (-256.9520,892.0050,373.4920) -> (734.4983,-256.9520,629.0321) , EL_LEN = -1578.3700 [m]
DEBUG antenna positions : 25 = Tile113 : (-173.7170,781.6380,374.2170) -> (685.5503,-173.7170,530.1105) , EL_LEN = -1431.3100 [m]
DEBUG antenna positions : 24 = Tile112 : (-227.1510,898.1290,373.6940) -> (737.4307,-227.1510,634.4122) , EL_LEN = -1578.0200 [m]
DEBUG antenna positions : 23 = Tile111 : (-333.7580,1660.7321,371.0680) -> (1077.7763,-333.7580,1316.8602) , EL_LEN = -1432.3800 [m]
DEBUG antenna positions : 30 = Tile118 : (-889.4710,1088.1360,370.3810) -> (819.8546,-889.4710,805.6428) , EL_LEN = -1432.4500 [m]
DEBUG antenna positions : 29 = Tile117 : (-300.6960,704.3260,373.5140) -> (650.1805,-300.6960,461.3601) , EL_LEN = -1433.2000 [m]
DEBUG antenna positions : 28 = Tile116 : (-249.6470,731.7090,373.7970) -> (662.7384,-249.6470,485.6954) , EL_LEN = -1432.6400 [m]
DEBUG antenna positions : 27 = Tile115 : (-195.0180,762.8930,374.0930) -> (677.0160,-195.0180,513.4205) , EL_LEN = -1435.0800 [m]
DEBUG antenna positions : 50 = Tile144 : (301.1930,-48.9520,374.6180) -> (312.6657,301.1930,-212.0734) , EL_LEN = -1431.1000 [m]
DEBUG antenna positions : 49 = Tile143 : (498.6290,-264.5940,373.2200) -> (214.5136,498.6290,-404.0880) , EL_LEN = -1671.0800 [m]
DEBUG antenna positions : 48 = Tile142 : (1201.1320,-443.2500,368.3280) -> (129.8605,1201.1320,-561.4912) , EL_LEN = -1431.7700 [m]
DEBUG antenna positions : 47 = Tile141 : (1100.9449,151.7600,369.0650) -> (397.8990,1100.9449,-30.2729) , EL_LEN = -1432.1500 [m]
DEBUG antenna positions : 54 = Tile148 : (523.7270,75.4940,372.6130) -> (366.7969,523.7270,-99.9992) , EL_LEN = -1576.2300 [m]
DEBUG antenna positions : 53 = Tile147 : (506.7930,-3.2160,372.8030) -> (331.5967,506.7930,-170.3998) , EL_LEN = -1576.2400 [m]
DEBUG antenna positions : 52 = Tile146 : (544.3240,-91.1520,372.8120) -> (292.0888,544.3240,-248.9610) , EL_LEN = -1671.9800 [m]
DEBUG antenna positions : 51 = Tile145 : (370.6480,-38.4150,374.3400) -> (317.1523,370.6480,-202.5353) , EL_LEN = -1431.8200 [m]
DEBUG antenna positions : 42 = Tile134 : (556.1220,244.4850,372.2840) -> (442.4426,556.1220,51.1160) , EL_LEN = -1590.3400 [m]
DEBUG antenna positions : 41 = Tile133 : (1313.6110,553.3720,370.3540) -> (579.5232,1313.6110,327.9261) , EL_LEN = -1444.9200 [m]
DEBUG antenna positions : 40 = Tile132 : (1177.2939,858.6320,372.1220) -> (718.2776,1177.2939,599.8342) , EL_LEN = -1444.3500 [m]
DEBUG antenna positions : 39 = Tile131 : (839.9430,990.2270,372.6960) -> (777.9253,839.9430,717.1360) , EL_LEN = -1445.7000 [m]
DEBUG antenna positions : 46 = Tile138 : (381.0690,652.8640,374.2510) -> (627.7134,381.0690,415.0556) , EL_LEN = -1444.3700 [m]
DEBUG antenna positions : 45 = Tile137 : (528.5980,539.1940,372.7890) -> (575.3273,528.5980,314.1660) , EL_LEN = -1683.9800 [m]
DEBUG antenna positions : 44 = Tile136 : (488.8570,424.9800,372.9670) -> (524.1619,488.8570,212.0535) , EL_LEN = -1590.4900 [m]
DEBUG antenna positions : 43 = Tile135 : (571.5410,359.2100,372.5090) -> (494.1977,571.5410,153.5039) , EL_LEN = -1683.6900 [m]
DEBUG antenna positions : 115 = LBF4 : (1677.2700,-478.3300,366.6500) -> (112.5976,1677.2700,-592.0757) , EL_LEN = -1374.6900 [m]
DEBUG antenna positions : 114 = LBF3 : (1177.9200,-691.7400,368.3100) -> (18.1803,1177.9200,-783.4704) , EL_LEN = -1370.3000 [m]
DEBUG antenna positions : 113 = LBF2 : (1471.7800,179.5300,369.2400) -> (410.5344,1471.7800,-5.5434) , EL_LEN = -877.0400 [m]
DEBUG antenna positions : 112 = LBF1 : (803.0100,-812.8500,371.0400) -> (-33.8041,803.0100,-892.8903) , EL_LEN = -879.4900 [m]
DEBUG antenna positions : 119 = LBF8 : (1991.3101,-940.6100,365.1500) -> (-96.4776,1991.3101,-1004.3773) , EL_LEN = -876.3400 [m]
DEBUG antenna positions : 118 = LBF7 : (2285.4800,-251.7500,367.9500) -> (215.5773,2285.4800,-390.2457) , EL_LEN = -876.3400 [m]
DEBUG antenna positions : 117 = LBF6 : (1881.2700,-106.6600,368.2600) -> (281.0535,1881.2700,-260.7695) , EL_LEN = -1371.0900 [m]
DEBUG antenna positions : 116 = LBF5 : (1559.3800,-932.2700,367.4100) -> (-90.7109,1559.3800,-997.9424) , EL_LEN = -1374.6900 [m]
DEBUG antenna positions : 123 = LBG4 : (805.8100,-1408.6200,367.8800) -> (-304.3487,805.8100,-1423.6986) , EL_LEN = -1363.9600 [m]
DEBUG antenna positions : 122 = LBG3 : (338.4900,-2065.8301,365.9900) -> (-601.3681,338.4900,-2009.9649) , EL_LEN = -865.4100 [m]
DEBUG antenna positions : 121 = LBG2 : (511.3100,-1486.9800,368.7500) -> (-338.7842,511.3100,-1494.0921) , EL_LEN = -1361.0100 [m]
DEBUG antenna positions : 120 = LBG1 : (165.7600,-991.5700,370.3000) -> (-114.7768,165.7600,-1052.2164) , EL_LEN = -868.0100 [m]
DEBUG antenna positions : 127 = LBG8 : (1664.2900,-1355.7800,365.8800) -> (-282.3907,1664.2900,-1375.5956) , EL_LEN = -866.3100 [m]
DEBUG antenna positions : 126 = LBG7 : (1336.3400,-1867.2900,366.1700) -> (-511.9892,1336.3400,-1832.6810) , EL_LEN = -864.9600 [m]
DEBUG antenna positions : 125 = LBG6 : (931.9900,-1975.8700,365.3900) -> (-561.4787,931.9900,-1929.3299) , EL_LEN = -1360.4100 [m]
DEBUG antenna positions : 124 = LBG5 : (1105.7200,-1139.3900,370.5400) -> (-180.9883,1105.7200,-1184.3786) , EL_LEN = -1365.1600 [m]
DEBUG antenna positions : 75 = LBA4 : (-1473.1700,-194.3200,376.2200) -> (248.7727,-1473.1700,-342.6571) , EL_LEN = -993.8300 [m]
DEBUG antenna positions : 74 = LBA3 : (-1600.2100,-64.2600,375.5400) -> (306.6104,-1600.2100,-226.1631) , EL_LEN = -994.6300 [m]
DEBUG antenna positions : 73 = LBA2 : (-1770.1400,53.5900,374.4400) -> (358.5860,-1770.1400,-120.3880) , EL_LEN = -496.7800 [m]
DEBUG antenna positions : 72 = LBA1 : (-1999.8101,206.8500,372.9200) -> (426.0987,-1999.8101,17.2091) , EL_LEN = -497.6800 [m]
DEBUG antenna positions : 79 = LBA8 : (-889.2900,-779.7300,374.4100) -> (-15.9104,-889.2900,-864.8171) , EL_LEN = -498.1800 [m]
DEBUG antenna positions : 78 = LBA7 : (-1100.9700,-698.6600,374.1200) -> (20.2610,-1100.9700,-792.2632) , EL_LEN = -992.6300 [m]
DEBUG antenna positions : 77 = LBA6 : (-1172.9200,-569.7400,374.7700) -> (78.7745,-1172.9200,-677.3852) , EL_LEN = -991.7300 [m]
DEBUG antenna positions : 76 = LBA5 : (-1367.2700,-453.6500,374.9100) -> (131.0671,-1367.2700,-573.7397) , EL_LEN = -992.6300 [m]
DEBUG antenna positions : 3 = Tile054 : (91.8090,-80.5650,375.7600) -> (299.4799,91.8090,-240.8279) , EL_LEN = -14.8500 [m]
DEBUG antenna positions : 2 = Tile053 : (-21.7100,77.0050,376.3510) -> (370.8152,-21.7100,-100.3291) , EL_LEN = -284.0300 [m]
DEBUG antenna positions : 1 = Tile052 : (177.4670,-43.3770,375.0050) -> (315.5166,177.4670,-207.2669) , EL_LEN = 78.7200 [m]
DEBUG antenna positions : 0 = Tile051 : (-55.5600,124.8010,376.8030) -> (392.6971,-55.5600,-57.8339) , EL_LEN = -283.9300 [m]
DEBUG antenna positions : 7 = Tile058 : (-87.5160,125.1970,377.0310) -> (393.0788,-87.5160,-57.5825) , EL_LEN = -284.0200 [m]
DEBUG antenna positions : 6 = Tile057 : (-118.0370,-39.8730,376.0540) -> (318.0283,-118.0370,-204.6080) , EL_LEN = -114.4800 [m]
DEBUG antenna positions : 5 = Tile056 : (-67.5820,-22.3610,376.1750) -> (326.0058,-67.5820,-189.0181) , EL_LEN = -114.7300 [m]
DEBUG antenna positions : 4 = Tile055 : (153.7000,-259.9290,376.4760) -> (219.5186,153.7000,-401.3837) , EL_LEN = 223.8200 [m]
DEBUG metadata reading:
	haHrs = 0.45616389 [h]
	raHrs = 18.57377833 [h] , tilePointingRARad = 4.82908105 [rad]
	decDegs = -4.43773333 [deg] , tilePointingDecRad = -0.09925399 [rad]
	startUnixTime = 1592584198.00000000 [sec]
CPacerImager::SetFlaggedAntennas : Flagged 12 antennas in the imager object
Reading voltages took 8.49139 seconds.
Correlating voltages (OBSID = 1276619416, Coarse Channel = 155) ..
Correlation is happening on GPU..
